# JRE version: Java(TM) SE Runtime Environment (17.0.12+8) (build 17.0.12+8-LTS-286)
# Java VM: Java HotSpot(TM) 64-Bit Server VM (17.0.12+8-LTS-286, mixed mode, emulated-client, sharing, tiered, compressed oops, compressed class ptrs, g1 gc, windows-amd64)
GC Precious Log:
 CPUs: 4 total, 4 available
 Memory: 3852M
 Large Page Support: Disabled
 NUMA Support: Disabled
 Compressed Oops: Enabled (32-bit)
 Heap Region Size: 1M
 Heap Min Capacity: 8M
 Heap Initial Capacity: 62M
 Heap Max Capacity: 964M
 Pre-touch: Disabled
 Parallel Workers: 4
 Concurrent Workers: 1
 Concurrent Refinement Workers: 4
 Periodic GC: Disabled
Heap:
 garbage-first heap   total 326656K, used 113111K [0x00000000c3c00000, 0x0000000100000000)
  region size 1024K, 55 young (56320K), 8 survivors (8192K)
 Metaspace       used 77576K, committed 78016K, reserved 1179648K
  class space    used 10980K, committed 11200K, reserved 1048576K
GC Heap History (20 events):
Event: 45.898 GC heap before
{Heap before GC invocations=32 (full 0):
 garbage-first heap   total 110592K, used 92413K [0x00000000c3c00000, 0x0000000100000000)
  region size 1024K, 43 young (44032K), 1 survivors (1024K)
 Metaspace       used 63936K, committed 64384K, reserved 1114112K
  class space    used 8918K, committed 9152K, reserved 1048576K
}
Event: 45.910 GC heap after
{Heap after GC invocations=33 (full 0):
 garbage-first heap   total 110592K, used 50973K [0x00000000c3c00000, 0x0000000100000000)
  region size 1024K, 3 young (3072K), 3 survivors (3072K)
 Metaspace       used 63936K, committed 64384K, reserved 1114112K
  class space    used 8918K, committed 9152K, reserved 1048576K
}
Event: 46.915 GC heap before
{Heap before GC invocations=33 (full 0):
 garbage-first heap   total 110592K, used 91933K [0x00000000c3c00000, 0x0000000100000000)
  region size 1024K, 43 young (44032K), 3 survivors (3072K)
 Metaspace       used 66751K, committed 67264K, reserved 1114112K
  class space    used 9366K, committed 9600K, reserved 1048576K
}
Event: 46.928 GC heap after
{Heap after GC invocations=34 (full 0):
 garbage-first heap   total 110592K, used 52983K [0x00000000c3c00000, 0x0000000100000000)
  region size 1024K, 5 young (5120K), 5 survivors (5120K)
 Metaspace       used 66751K, committed 67264K, reserved 1114112K
  class space    used 9366K, committed 9600K, reserved 1048576K
}
Event: 47.861 GC heap before
{Heap before GC invocations=34 (full 0):
 garbage-first heap   total 110592K, used 91895K [0x00000000c3c00000, 0x0000000100000000)
  region size 1024K, 43 young (44032K), 5 survivors (5120K)
 Metaspace       used 67506K, committed 67904K, reserved 1114112K
  class space    used 9481K, committed 9664K, reserved 1048576K
}
Event: 47.880 GC heap after
{Heap after GC invocations=35 (full 0):
 garbage-first heap   total 110592K, used 54304K [0x00000000c3c00000, 0x0000000100000000)
  region size 1024K, 4 young (4096K), 4 survivors (4096K)
 Metaspace       used 67506K, committed 67904K, reserved 1114112K
  class space    used 9481K, committed 9664K, reserved 1048576K
}
Event: 48.403 GC heap before
{Heap before GC invocations=35 (full 0):
 garbage-first heap   total 110592K, used 92192K [0x00000000c3c00000, 0x0000000100000000)
  region size 1024K, 41 young (41984K), 4 survivors (4096K)
 Metaspace       used 68314K, committed 68736K, reserved 1114112K
  class space    used 9595K, committed 9792K, reserved 1048576K
}
Event: 48.423 GC heap after
{Heap after GC invocations=36 (full 0):
 garbage-first heap   total 110592K, used 56131K [0x00000000c3c00000, 0x0000000100000000)
  region size 1024K, 4 young (4096K), 4 survivors (4096K)
 Metaspace       used 68314K, committed 68736K, reserved 1114112K
  class space    used 9595K, committed 9792K, reserved 1048576K
}
Event: 49.604 GC heap before
{Heap before GC invocations=37 (full 0):
 garbage-first heap   total 112640K, used 92995K [0x00000000c3c00000, 0x0000000100000000)
  region size 1024K, 40 young (40960K), 4 survivors (4096K)
 Metaspace       used 68862K, committed 69312K, reserved 1114112K
  class space    used 9690K, committed 9920K, reserved 1048576K
}
Event: 49.615 GC heap after
{Heap after GC invocations=38 (full 0):
 garbage-first heap   total 112640K, used 57472K [0x00000000c3c00000, 0x0000000100000000)
  region size 1024K, 4 young (4096K), 4 survivors (4096K)
 Metaspace       used 68862K, committed 69312K, reserved 1114112K
  class space    used 9690K, committed 9920K, reserved 1048576K
}
Event: 49.624 GC heap before
{Heap before GC invocations=38 (full 0):
 garbage-first heap   total 112640K, used 58496K [0x00000000c3c00000, 0x0000000100000000)
  region size 1024K, 5 young (5120K), 4 survivors (4096K)
 Metaspace       used 68862K, committed 69312K, reserved 1114112K
  class space    used 9690K, committed 9920K, reserved 1048576K
}
Event: 49.638 GC heap after
{Heap after GC invocations=39 (full 0):
 garbage-first heap   total 112640K, used 57151K [0x00000000c3c00000, 0x0000000100000000)
  region size 1024K, 1 young (1024K), 1 survivors (1024K)
 Metaspace       used 68862K, committed 69312K, reserved 1114112K
  class space    used 9690K, committed 9920K, reserved 1048576K
}
Event: 50.220 GC heap before
{Heap before GC invocations=39 (full 0):
 garbage-first heap   total 112640K, used 95039K [0x00000000c3c00000, 0x0000000100000000)
  region size 1024K, 38 young (38912K), 1 survivors (1024K)
 Metaspace       used 69353K, committed 69824K, reserved 1114112K
  class space    used 9762K, committed 9984K, reserved 1048576K
}
Event: 50.225 GC heap after
{Heap after GC invocations=40 (full 0):
 garbage-first heap   total 112640K, used 58701K [0x00000000c3c00000, 0x0000000100000000)
  region size 1024K, 3 young (3072K), 3 survivors (3072K)
 Metaspace       used 69353K, committed 69824K, reserved 1114112K
  class space    used 9762K, committed 9984K, reserved 1048576K
}
Event: 50.676 GC heap before
{Heap before GC invocations=41 (full 0):
 garbage-first heap   total 116736K, used 93517K [0x00000000c3c00000, 0x0000000100000000)
  region size 1024K, 37 young (37888K), 3 survivors (3072K)
 Metaspace       used 70047K, committed 70528K, reserved 1114112K
  class space    used 9871K, committed 10048K, reserved 1048576K
}
Event: 50.683 GC heap after
{Heap after GC invocations=42 (full 0):
 garbage-first heap   total 116736K, used 59670K [0x00000000c3c00000, 0x0000000100000000)
  region size 1024K, 4 young (4096K), 4 survivors (4096K)
 Metaspace       used 70047K, committed 70528K, reserved 1114112K
  class space    used 9871K, committed 10048K, reserved 1048576K
}
Event: 50.692 GC heap before
{Heap before GC invocations=42 (full 0):
 garbage-first heap   total 116736K, used 60694K [0x00000000c3c00000, 0x0000000100000000)
  region size 1024K, 5 young (5120K), 4 survivors (4096K)
 Metaspace       used 70047K, committed 70528K, reserved 1114112K
  class space    used 9871K, committed 10048K, reserved 1048576K
}
Event: 50.715 GC heap after
{Heap after GC invocations=43 (full 0):
 garbage-first heap   total 326656K, used 59113K [0x00000000c3c00000, 0x0000000100000000)
  region size 1024K, 1 young (1024K), 1 survivors (1024K)
 Metaspace       used 70047K, committed 70528K, reserved 1114112K
  class space    used 9871K, committed 10048K, reserved 1048576K
}
Event: 56.641 GC heap before
{Heap before GC invocations=43 (full 0):
 garbage-first heap   total 326656K, used 253673K [0x00000000c3c00000, 0x0000000100000000)
  region size 1024K, 191 young (195584K), 1 survivors (1024K)
 Metaspace       used 74793K, committed 75328K, reserved 1114112K
  class space    used 10587K, committed 10880K, reserved 1048576K
}
Event: 56.831 GC heap after
{Heap after GC invocations=44 (full 0):
 garbage-first heap   total 326656K, used 66007K [0x00000000c3c00000, 0x0000000100000000)
  region size 1024K, 8 young (8192K), 8 survivors (8192K)
 Metaspace       used 74793K, committed 75328K, reserved 1114112K
  class space    used 10587K, committed 10880K, reserved 1048576K
}

