# JRE version: Java(TM) SE Runtime Environment (17.0.12+8) (build 17.0.12+8-LTS-286)
# Java VM: Java HotSpot(TM) 64-Bit Server VM (17.0.12+8-LTS-286, mixed mode, emulated-client, sharing, tiered, compressed oops, compressed class ptrs, g1 gc, windows-amd64)
GC Precious Log:
 CPUs: 4 total, 4 available
 Memory: 3852M
 Large Page Support: Disabled
 NUMA Support: Disabled
 Compressed Oops: Enabled (32-bit)
 Heap Region Size: 1M
 Heap Min Capacity: 8M
 Heap Initial Capacity: 62M
 Heap Max Capacity: 964M
 Pre-touch: Disabled
 Parallel Workers: 4
 Concurrent Workers: 1
 Concurrent Refinement Workers: 4
 Periodic GC: Disabled
Heap:
 garbage-first heap   total 84992K, used 46189K [0x00000000c3c00000, 0x0000000100000000)
  region size 1024K, 1 young (1024K), 1 survivors (1024K)
 Metaspace       used 69683K, committed 70080K, reserved 1114112K
  class space    used 9913K, committed 10112K, reserved 1048576K
GC Heap History (20 events):
Event: 27.063 GC heap after
{Heap after GC invocations=24 (full 0):
 garbage-first heap   total 66560K, used 35279K [0x00000000c3c00000, 0x0000000100000000)
  region size 1024K, 3 young (3072K), 3 survivors (3072K)
 Metaspace       used 57855K, committed 58240K, reserved 1114112K
  class space    used 8164K, committed 8320K, reserved 1048576K
}
Event: 27.345 GC heap before
{Heap before GC invocations=24 (full 0):
 garbage-first heap   total 66560K, used 52687K [0x00000000c3c00000, 0x0000000100000000)
  region size 1024K, 20 young (20480K), 3 survivors (3072K)
 Metaspace       used 59297K, committed 59712K, reserved 1114112K
  class space    used 8389K, committed 8576K, reserved 1048576K
}
Event: 27.350 GC heap after
{Heap after GC invocations=25 (full 0):
 garbage-first heap   total 66560K, used 36939K [0x00000000c3c00000, 0x0000000100000000)
  region size 1024K, 3 young (3072K), 3 survivors (3072K)
 Metaspace       used 59297K, committed 59712K, reserved 1114112K
  class space    used 8389K, committed 8576K, reserved 1048576K
}
Event: 27.670 GC heap before
{Heap before GC invocations=26 (full 0):
 garbage-first heap   total 70656K, used 52299K [0x00000000c3c00000, 0x0000000100000000)
  region size 1024K, 19 young (19456K), 3 survivors (3072K)
 Metaspace       used 61017K, committed 61440K, reserved 1114112K
  class space    used 8624K, committed 8832K, reserved 1048576K
}
Event: 27.677 GC heap after
{Heap after GC invocations=27 (full 0):
 garbage-first heap   total 70656K, used 38634K [0x00000000c3c00000, 0x0000000100000000)
  region size 1024K, 2 young (2048K), 2 survivors (2048K)
 Metaspace       used 61017K, committed 61440K, reserved 1114112K
  class space    used 8624K, committed 8832K, reserved 1048576K
}
Event: 27.688 GC heap before
{Heap before GC invocations=27 (full 0):
 garbage-first heap   total 70656K, used 39658K [0x00000000c3c00000, 0x0000000100000000)
  region size 1024K, 3 young (3072K), 2 survivors (2048K)
 Metaspace       used 61108K, committed 61568K, reserved 1114112K
  class space    used 8637K, committed 8832K, reserved 1048576K
}
Event: 27.692 GC heap after
{Heap after GC invocations=28 (full 0):
 garbage-first heap   total 84992K, used 38756K [0x00000000c3c00000, 0x0000000100000000)
  region size 1024K, 1 young (1024K), 1 survivors (1024K)
 Metaspace       used 61108K, committed 61568K, reserved 1114112K
  class space    used 8637K, committed 8832K, reserved 1048576K
}
Event: 28.354 GC heap before
{Heap before GC invocations=28 (full 0):
 garbage-first heap   total 84992K, used 68452K [0x00000000c3c00000, 0x0000000100000000)
  region size 1024K, 30 young (30720K), 1 survivors (1024K)
 Metaspace       used 62717K, committed 63168K, reserved 1114112K
  class space    used 8878K, committed 9088K, reserved 1048576K
}
Event: 28.358 GC heap after
{Heap after GC invocations=29 (full 0):
 garbage-first heap   total 84992K, used 40843K [0x00000000c3c00000, 0x0000000100000000)
  region size 1024K, 3 young (3072K), 3 survivors (3072K)
 Metaspace       used 62717K, committed 63168K, reserved 1114112K
  class space    used 8878K, committed 9088K, reserved 1048576K
}
Event: 29.105 GC heap before
{Heap before GC invocations=30 (full 0):
 garbage-first heap   total 84992K, used 67467K [0x00000000c3c00000, 0x0000000100000000)
  region size 1024K, 29 young (29696K), 3 survivors (3072K)
 Metaspace       used 64301K, committed 64768K, reserved 1114112K
  class space    used 9146K, committed 9344K, reserved 1048576K
}
Event: 29.111 GC heap after
{Heap after GC invocations=31 (full 0):
 garbage-first heap   total 84992K, used 42977K [0x00000000c3c00000, 0x0000000100000000)
  region size 1024K, 3 young (3072K), 3 survivors (3072K)
 Metaspace       used 64301K, committed 64768K, reserved 1114112K
  class space    used 9146K, committed 9344K, reserved 1048576K
}
Event: 29.124 GC heap before
{Heap before GC invocations=31 (full 0):
 garbage-first heap   total 84992K, used 44001K [0x00000000c3c00000, 0x0000000100000000)
  region size 1024K, 4 young (4096K), 3 survivors (3072K)
 Metaspace       used 64346K, committed 64768K, reserved 1114112K
  class space    used 9152K, committed 9344K, reserved 1048576K
}
Event: 29.129 GC heap after
{Heap after GC invocations=32 (full 0):
 garbage-first heap   total 84992K, used 42832K [0x00000000c3c00000, 0x0000000100000000)
  region size 1024K, 1 young (1024K), 1 survivors (1024K)
 Metaspace       used 64346K, committed 64768K, reserved 1114112K
  class space    used 9152K, committed 9344K, reserved 1048576K
}
Event: 29.471 GC heap before
{Heap before GC invocations=32 (full 0):
 garbage-first heap   total 84992K, used 68432K [0x00000000c3c00000, 0x0000000100000000)
  region size 1024K, 26 young (26624K), 1 survivors (1024K)
 Metaspace       used 65410K, committed 65984K, reserved 1114112K
  class space    used 9319K, committed 9600K, reserved 1048576K
}
Event: 29.475 GC heap after
{Heap after GC invocations=33 (full 0):
 garbage-first heap   total 84992K, used 44889K [0x00000000c3c00000, 0x0000000100000000)
  region size 1024K, 3 young (3072K), 3 survivors (3072K)
 Metaspace       used 65410K, committed 65984K, reserved 1114112K
  class space    used 9319K, committed 9600K, reserved 1048576K
}
Event: 30.025 GC heap before
{Heap before GC invocations=34 (full 0):
 garbage-first heap   total 84992K, used 68441K [0x00000000c3c00000, 0x0000000100000000)
  region size 1024K, 26 young (26624K), 3 survivors (3072K)
 Metaspace       used 67824K, committed 68288K, reserved 1114112K
  class space    used 9664K, committed 9920K, reserved 1048576K
}
Event: 30.033 GC heap after
{Heap after GC invocations=35 (full 0):
 garbage-first heap   total 84992K, used 45906K [0x00000000c3c00000, 0x0000000100000000)
  region size 1024K, 3 young (3072K), 3 survivors (3072K)
 Metaspace       used 67824K, committed 68288K, reserved 1114112K
  class space    used 9664K, committed 9920K, reserved 1048576K
}
Event: 30.040 GC heap before
{Heap before GC invocations=35 (full 0):
 garbage-first heap   total 84992K, used 46930K [0x00000000c3c00000, 0x0000000100000000)
  region size 1024K, 4 young (4096K), 3 survivors (3072K)
 Metaspace       used 67828K, committed 68288K, reserved 1114112K
  class space    used 9665K, committed 9920K, reserved 1048576K
}
Event: 30.050 GC heap after
{Heap after GC invocations=36 (full 0):
 garbage-first heap   total 84992K, used 45725K [0x00000000c3c00000, 0x0000000100000000)
  region size 1024K, 1 young (1024K), 1 survivors (1024K)
 Metaspace       used 67828K, committed 68288K, reserved 1114112K
  class space    used 9665K, committed 9920K, reserved 1048576K
}
Event: 30.803 GC heap before
{Heap before GC invocations=36 (full 0):
 garbage-first heap   total 84992K, used 68253K [0x00000000c3c00000, 0x0000000100000000)
  region size 1024K, 23 young (23552K), 1 survivors (1024K)
 Metaspace       used 69683K, committed 70080K, reserved 1114112K
  class space    used 9913K, committed 10112K, reserved 1048576K
}

